[debug] [2023-06-03T11:53:07.699Z] ----------------------------------------------------------------------
[debug] [2023-06-03T11:53:07.700Z] Command:       C:\Program Files\nodejs\node.exe C:\Users\KSelvaraj\AppData\Roaming\npm\node_modules\firebase-tools\lib\bin\firebase.js init
[debug] [2023-06-03T11:53:07.701Z] CLI Version:   12.3.0
[debug] [2023-06-03T11:53:07.701Z] Platform:      win32
[debug] [2023-06-03T11:53:07.701Z] Node Version:  v16.15.0
[debug] [2023-06-03T11:53:07.702Z] Time:          Sat Jun 03 2023 17:23:07 GMT+0530 (India Standard Time)
[debug] [2023-06-03T11:53:07.702Z] ----------------------------------------------------------------------
[debug] 
[debug] [2023-06-03T11:53:07.752Z] > command requires scopes: ["email","openid","https://www.googleapis.com/auth/cloudplatformprojects.readonly","https://www.googleapis.com/auth/firebase","https://www.googleapis.com/auth/cloud-platform"]
[debug] [2023-06-03T11:53:07.752Z] > authorizing via signed-in user (karthiksj008@gmail.com)
[info] 
     ######## #### ########  ######## ########     ###     ######  ########
     ##        ##  ##     ## ##       ##     ##  ##   ##  ##       ##
     ######    ##  ########  ######   ########  #########  ######  ######
     ##        ##  ##    ##  ##       ##     ## ##     ##       ## ##
     ##       #### ##     ## ######## ########  ##     ##  ######  ########

You're about to initialize a Firebase project in this directory:

  C:\Users\KSelvaraj\Downloads\react-firebase-chat-master

Before we get started, keep in mind:

  * You are initializing within an existing Firebase project directory

[info] 
=== Project Setup
[info] 
[info] First, let's associate this project directory with a Firebase project.
[info] You can create multiple project aliases by running firebase use --add, 
[info] but for now we'll just set up a default project.
[info] 
[debug] [2023-06-03T11:53:20.672Z] Using project from CLI flag: fireship-demos
[debug] [2023-06-03T11:53:20.674Z] >>> [apiv2][query] GET https://firebase.googleapis.com/v1beta1/projects/fireship-demos [none]
[debug] [2023-06-03T11:53:21.149Z] <<< [apiv2][status] GET https://firebase.googleapis.com/v1beta1/projects/fireship-demos 403
[debug] [2023-06-03T11:53:21.149Z] <<< [apiv2][body] GET https://firebase.googleapis.com/v1beta1/projects/fireship-demos {"error":{"code":403,"message":"The caller does not have permission","status":"PERMISSION_DENIED"}}
[debug] [2023-06-03T11:53:21.149Z] HTTP Error: 403, The caller does not have permission
[debug] [2023-06-03T11:53:21.270Z] FirebaseError: HTTP Error: 403, The caller does not have permission
    at responseToError (C:\Users\KSelvaraj\AppData\Roaming\npm\node_modules\firebase-tools\lib\responseToError.js:49:12)
    at RetryOperation._fn (C:\Users\KSelvaraj\AppData\Roaming\npm\node_modules\firebase-tools\lib\apiv2.js:288:77)
    at processTicksAndRejections (node:internal/process/task_queues:96:5)
[error] 
[error] Error: Failed to get Firebase project fireship-demos. Please make sure the project exists and your account has permission to access it.
